cuda
Epoch [1/200], Train Loss: 1.2164, Accuracy: 60.52%
Epoch [1/200], Test Loss: 1.1815, Accuracy: 19.52%
0.0001
Epoch [2/200], Train Loss: 1.2682, Accuracy: 38.29%
Epoch [2/200], Test Loss: 1.1855, Accuracy: 12.75%
0.0001
Epoch [3/200], Train Loss: 1.2088, Accuracy: 37.79%
Epoch [3/200], Test Loss: 1.1852, Accuracy: 87.25%
0.0001
Epoch [4/200], Train Loss: 1.2120, Accuracy: 67.30%
Epoch [4/200], Test Loss: 1.1812, Accuracy: 13.55%
0.0001
Epoch [5/200], Train Loss: 1.2254, Accuracy: 34.20%
Epoch [5/200], Test Loss: 1.1816, Accuracy: 13.55%
0.0001
Epoch [6/200], Train Loss: 1.2159, Accuracy: 72.58%
Epoch [6/200], Test Loss: 1.1807, Accuracy: 14.34%
0.0001
Epoch [7/200], Train Loss: 1.2073, Accuracy: 33.80%
Epoch [7/200], Test Loss: 1.1793, Accuracy: 86.85%
0.0001
Epoch [8/200], Train Loss: 1.2192, Accuracy: 70.39%
Epoch [8/200], Test Loss: 1.1792, Accuracy: 49.00%
0.0001
Epoch [9/200], Train Loss: 1.2013, Accuracy: 25.12%
Epoch [9/200], Test Loss: 1.1817, Accuracy: 13.15%
0.0001
Epoch [10/200], Train Loss: 1.2019, Accuracy: 54.54%
Epoch [10/200], Test Loss: 1.1779, Accuracy: 75.70%
0.0001
Epoch [11/200], Train Loss: 1.2031, Accuracy: 35.00%
Epoch [11/200], Test Loss: 1.1798, Accuracy: 19.92%
0.0001
Epoch [12/200], Train Loss: 1.2104, Accuracy: 47.46%
Epoch [12/200], Test Loss: 1.1792, Accuracy: 17.53%
0.0001
Epoch [13/200], Train Loss: 1.2164, Accuracy: 30.31%
Epoch [13/200], Test Loss: 1.1761, Accuracy: 87.25%
0.0001
Epoch [14/200], Train Loss: 1.2036, Accuracy: 71.88%
Epoch [14/200], Test Loss: 1.1743, Accuracy: 86.06%
0.0001
Epoch [15/200], Train Loss: 1.2102, Accuracy: 58.23%
Epoch [15/200], Test Loss: 1.1801, Accuracy: 12.75%
0.0001
Epoch [16/200], Train Loss: 1.2126, Accuracy: 29.21%
Epoch [16/200], Test Loss: 1.1758, Accuracy: 84.86%
0.0001
Epoch [17/200], Train Loss: 1.1906, Accuracy: 70.79%
Epoch [17/200], Test Loss: 1.1745, Accuracy: 84.86%
0.0001
Epoch [18/200], Train Loss: 1.2042, Accuracy: 37.69%
Epoch [18/200], Test Loss: 1.1808, Accuracy: 86.85%
0.0001
Epoch [19/200], Train Loss: 1.1923, Accuracy: 50.75%
Epoch [19/200], Test Loss: 1.1751, Accuracy: 86.06%
0.0001
Epoch [20/200], Train Loss: 1.1914, Accuracy: 63.11%
Epoch [20/200], Test Loss: 1.1782, Accuracy: 86.85%
3.3333333333333335e-05
Epoch [21/200], Train Loss: 1.2086, Accuracy: 62.81%
Epoch [21/200], Test Loss: 1.1753, Accuracy: 86.06%
3.3333333333333335e-05
Epoch [22/200], Train Loss: 1.1913, Accuracy: 65.20%
Epoch [22/200], Test Loss: 1.1721, Accuracy: 84.46%
3.3333333333333335e-05
Epoch [23/200], Train Loss: 1.1948, Accuracy: 52.24%
Epoch [23/200], Test Loss: 1.1711, Accuracy: 78.49%
3.3333333333333335e-05
Epoch [24/200], Train Loss: 1.1959, Accuracy: 55.43%
Epoch [24/200], Test Loss: 1.1710, Accuracy: 67.73%
3.3333333333333335e-05
Epoch [25/200], Train Loss: 1.2006, Accuracy: 51.55%
Epoch [25/200], Test Loss: 1.1698, Accuracy: 76.49%
3.3333333333333335e-05
Epoch [26/200], Train Loss: 1.1988, Accuracy: 61.12%
Epoch [26/200], Test Loss: 1.1697, Accuracy: 68.13%
3.3333333333333335e-05
Epoch [27/200], Train Loss: 1.1846, Accuracy: 41.97%
Epoch [27/200], Test Loss: 1.1702, Accuracy: 52.19%
3.3333333333333335e-05
Epoch [28/200], Train Loss: 1.2020, Accuracy: 67.50%
Epoch [28/200], Test Loss: 1.1690, Accuracy: 63.75%
3.3333333333333335e-05
Epoch [29/200], Train Loss: 1.2037, Accuracy: 40.88%
Epoch [29/200], Test Loss: 1.1682, Accuracy: 65.74%
3.3333333333333335e-05
Epoch [30/200], Train Loss: 1.1854, Accuracy: 48.26%
Epoch [30/200], Test Loss: 1.1678, Accuracy: 66.14%
3.3333333333333335e-05
Epoch [31/200], Train Loss: 1.1859, Accuracy: 73.28%
Epoch [31/200], Test Loss: 1.1671, Accuracy: 56.57%
3.3333333333333335e-05
Epoch [32/200], Train Loss: 1.2028, Accuracy: 48.65%
Epoch [32/200], Test Loss: 1.1648, Accuracy: 81.67%
3.3333333333333335e-05
Epoch [33/200], Train Loss: 1.1882, Accuracy: 66.20%
Epoch [33/200], Test Loss: 1.1653, Accuracy: 87.25%
3.3333333333333335e-05
Epoch [34/200], Train Loss: 1.2038, Accuracy: 54.04%
Epoch [34/200], Test Loss: 1.1651, Accuracy: 35.86%
3.3333333333333335e-05
Epoch [35/200], Train Loss: 1.1783, Accuracy: 48.06%
Epoch [35/200], Test Loss: 1.1600, Accuracy: 75.70%
3.3333333333333335e-05
Epoch [36/200], Train Loss: 1.1851, Accuracy: 68.39%
Epoch [36/200], Test Loss: 1.1576, Accuracy: 75.30%
3.3333333333333335e-05
Epoch [37/200], Train Loss: 1.1933, Accuracy: 54.14%
Epoch [37/200], Test Loss: 1.1577, Accuracy: 76.49%
3.3333333333333335e-05
Epoch [38/200], Train Loss: 1.1911, Accuracy: 65.40%
Epoch [38/200], Test Loss: 1.1554, Accuracy: 68.13%
3.3333333333333335e-05
Epoch [39/200], Train Loss: 1.1873, Accuracy: 66.10%
Epoch [39/200], Test Loss: 1.1571, Accuracy: 43.43%
3.3333333333333335e-05
Epoch [40/200], Train Loss: 1.1837, Accuracy: 40.18%
Epoch [40/200], Test Loss: 1.1547, Accuracy: 64.94%
3.3333333333333335e-05
Epoch [41/200], Train Loss: 1.1823, Accuracy: 63.21%
Epoch [41/200], Test Loss: 1.1519, Accuracy: 66.93%
3.3333333333333335e-05
Epoch [42/200], Train Loss: 1.1896, Accuracy: 47.46%
Epoch [42/200], Test Loss: 1.1499, Accuracy: 79.28%
3.3333333333333335e-05
Epoch [43/200], Train Loss: 1.1925, Accuracy: 69.19%
Epoch [43/200], Test Loss: 1.1511, Accuracy: 85.26%
3.3333333333333335e-05
Epoch [44/200], Train Loss: 1.1780, Accuracy: 50.25%
Epoch [44/200], Test Loss: 1.1447, Accuracy: 71.31%
3.3333333333333335e-05
Epoch [45/200], Train Loss: 1.1792, Accuracy: 62.91%
Epoch [45/200], Test Loss: 1.1467, Accuracy: 51.00%
3.3333333333333335e-05
Epoch [46/200], Train Loss: 1.1721, Accuracy: 65.90%
Epoch [46/200], Test Loss: 1.1422, Accuracy: 82.07%
3.3333333333333335e-05
Epoch [47/200], Train Loss: 1.1840, Accuracy: 57.23%
Epoch [47/200], Test Loss: 1.1399, Accuracy: 67.73%
3.3333333333333335e-05
Epoch [48/200], Train Loss: 1.1689, Accuracy: 50.45%
Epoch [48/200], Test Loss: 1.1388, Accuracy: 76.10%
3.3333333333333335e-05
Epoch [49/200], Train Loss: 1.1795, Accuracy: 70.79%
Epoch [49/200], Test Loss: 1.1357, Accuracy: 66.53%
3.3333333333333335e-05
Epoch [50/200], Train Loss: 1.1667, Accuracy: 51.15%
Epoch [50/200], Test Loss: 1.1416, Accuracy: 86.06%
3.3333333333333335e-05
Epoch [51/200], Train Loss: 1.1844, Accuracy: 62.11%
Epoch [51/200], Test Loss: 1.1303, Accuracy: 72.11%
3.3333333333333335e-05
Epoch [52/200], Train Loss: 1.1685, Accuracy: 59.72%
Epoch [52/200], Test Loss: 1.1396, Accuracy: 86.06%
3.3333333333333335e-05
Epoch [53/200], Train Loss: 1.1491, Accuracy: 64.21%
Epoch [53/200], Test Loss: 1.1348, Accuracy: 86.45%
3.3333333333333335e-05
Epoch [54/200], Train Loss: 1.1582, Accuracy: 67.10%
Epoch [54/200], Test Loss: 1.1507, Accuracy: 20.72%
3.3333333333333335e-05
Epoch [55/200], Train Loss: 1.1603, Accuracy: 57.73%
Epoch [55/200], Test Loss: 1.1174, Accuracy: 72.11%
3.3333333333333335e-05
Epoch [56/200], Train Loss: 1.1563, Accuracy: 68.39%
Epoch [56/200], Test Loss: 1.1130, Accuracy: 74.90%
3.3333333333333335e-05
Epoch [57/200], Train Loss: 1.1540, Accuracy: 57.73%
Epoch [57/200], Test Loss: 1.1093, Accuracy: 80.88%
3.3333333333333335e-05
Epoch [58/200], Train Loss: 1.1422, Accuracy: 59.22%
Epoch [58/200], Test Loss: 1.1062, Accuracy: 75.30%
3.3333333333333335e-05
Epoch [59/200], Train Loss: 1.1303, Accuracy: 68.20%
Epoch [59/200], Test Loss: 1.1254, Accuracy: 32.67%
3.3333333333333335e-05
Epoch [60/200], Train Loss: 1.1265, Accuracy: 68.79%
Epoch [60/200], Test Loss: 1.0997, Accuracy: 70.12%
3.3333333333333335e-05
Epoch [61/200], Train Loss: 1.1484, Accuracy: 71.88%
Epoch [61/200], Test Loss: 1.0975, Accuracy: 65.34%
3.3333333333333335e-05
Epoch [62/200], Train Loss: 1.1556, Accuracy: 55.73%
Epoch [62/200], Test Loss: 1.0934, Accuracy: 70.52%
3.3333333333333335e-05
Epoch [63/200], Train Loss: 1.1087, Accuracy: 68.89%
Epoch [63/200], Test Loss: 1.0914, Accuracy: 84.46%
3.3333333333333335e-05
Epoch [64/200], Train Loss: 1.1489, Accuracy: 66.00%
Epoch [64/200], Test Loss: 1.0993, Accuracy: 86.45%
3.3333333333333335e-05
Epoch [65/200], Train Loss: 1.1223, Accuracy: 66.90%
Epoch [65/200], Test Loss: 1.0806, Accuracy: 74.90%
3.3333333333333335e-05
Epoch [66/200], Train Loss: 1.1424, Accuracy: 65.70%
Epoch [66/200], Test Loss: 1.1287, Accuracy: 87.25%
3.3333333333333335e-05
Epoch [67/200], Train Loss: 1.1212, Accuracy: 60.22%
cuda
Epoch [1/200], Train Loss: 0.7903, Accuracy: 78.86%
Epoch [1/200], Test Loss: 0.3594, Accuracy: 97.61%
0.0001
Epoch [2/200], Train Loss: 0.4530, Accuracy: 91.72%
Epoch [2/200], Test Loss: 0.2060, Accuracy: 92.83%
0.0001
Epoch [3/200], Train Loss: 0.4535, Accuracy: 91.72%
Epoch [3/200], Test Loss: 0.1275, Accuracy: 97.21%
0.0001
Epoch [4/200], Train Loss: 0.2910, Accuracy: 94.42%
Epoch [4/200], Test Loss: 0.1106, Accuracy: 96.81%
0.0001
Epoch [5/200], Train Loss: 0.2794, Accuracy: 94.52%
Epoch [5/200], Test Loss: 0.0917, Accuracy: 97.61%
0.0001
Epoch [6/200], Train Loss: 0.2581, Accuracy: 96.61%
Epoch [6/200], Test Loss: 0.0539, Accuracy: 98.41%
0.0001
Epoch [7/200], Train Loss: 0.2230, Accuracy: 95.71%
Epoch [7/200], Test Loss: 0.0770, Accuracy: 97.61%
0.0001
Epoch [8/200], Train Loss: 0.2006, Accuracy: 97.11%
Epoch [8/200], Test Loss: 0.0979, Accuracy: 97.61%
0.0001
Epoch [9/200], Train Loss: 0.2531, Accuracy: 94.92%
Epoch [9/200], Test Loss: 0.1558, Accuracy: 97.61%
0.0001
Epoch [10/200], Train Loss: 0.2188, Accuracy: 96.11%
Epoch [10/200], Test Loss: 0.1034, Accuracy: 98.01%
0.0001
Epoch [11/200], Train Loss: 0.1744, Accuracy: 96.01%
Epoch [11/200], Test Loss: 0.0593, Accuracy: 98.41%
0.0001
Epoch [12/200], Train Loss: 0.1575, Accuracy: 96.61%
Epoch [12/200], Test Loss: 0.0932, Accuracy: 97.21%
3.3333333333333335e-05
Epoch [13/200], Train Loss: 0.1642, Accuracy: 97.11%
Epoch [13/200], Test Loss: 0.0738, Accuracy: 97.61%
3.3333333333333335e-05
Epoch [14/200], Train Loss: 0.0988, Accuracy: 97.81%
Epoch [14/200], Test Loss: 0.0641, Accuracy: 97.61%
3.3333333333333335e-05
Epoch [15/200], Train Loss: 0.2406, Accuracy: 96.91%
Epoch [15/200], Test Loss: 0.0663, Accuracy: 97.61%
3.3333333333333335e-05
Epoch [16/200], Train Loss: 0.1095, Accuracy: 96.91%
Epoch [16/200], Test Loss: 0.0690, Accuracy: 97.61%
3.3333333333333335e-05
Epoch [17/200], Train Loss: 0.1007, Accuracy: 97.61%
Epoch [17/200], Test Loss: 0.0590, Accuracy: 98.41%
3.3333333333333335e-05
Epoch [18/200], Train Loss: 0.1437, Accuracy: 97.81%
Epoch [18/200], Test Loss: 0.0697, Accuracy: 98.01%
1.1111111111111112e-05
Epoch [19/200], Train Loss: 0.1316, Accuracy: 97.61%
Epoch [19/200], Test Loss: 0.0788, Accuracy: 97.61%
1.1111111111111112e-05
Epoch [20/200], Train Loss: 0.1850, Accuracy: 97.01%
Epoch [20/200], Test Loss: 0.0805, Accuracy: 97.61%
1.1111111111111112e-05
Epoch [21/200], Train Loss: 0.0948, Accuracy: 98.01%
Epoch [21/200], Test Loss: 0.0753, Accuracy: 97.61%
1.1111111111111112e-05
Epoch [22/200], Train Loss: 0.1821, Accuracy: 97.31%
Epoch [22/200], Test Loss: 0.0898, Accuracy: 97.21%
1.1111111111111112e-05
Epoch [23/200], Train Loss: 0.1104, Accuracy: 97.41%
Epoch [23/200], Test Loss: 0.0791, Accuracy: 97.61%
1.1111111111111112e-05
Epoch [24/200], Train Loss: 0.2033, Accuracy: 98.50%
Epoch [24/200], Test Loss: 0.0691, Accuracy: 97.61%
3.7037037037037037e-06
Epoch [25/200], Train Loss: 0.1373, Accuracy: 97.41%
Epoch [25/200], Test Loss: 0.0747, Accuracy: 97.61%
3.7037037037037037e-06
Epoch [26/200], Train Loss: 0.0562, Accuracy: 98.80%
Epoch [26/200], Test Loss: 0.0765, Accuracy: 97.61%
3.7037037037037037e-06
Epoch [27/200], Train Loss: 0.1089, Accuracy: 97.81%
Epoch [27/200], Test Loss: 0.0903, Accuracy: 97.61%
3.7037037037037037e-06
Epoch [28/200], Train Loss: 0.0923, Accuracy: 98.11%
Epoch [28/200], Test Loss: 0.0747, Accuracy: 97.61%
3.7037037037037037e-06
Epoch [29/200], Train Loss: 0.0901, Accuracy: 98.31%
Epoch [29/200], Test Loss: 0.0731, Accuracy: 97.61%
3.7037037037037037e-06
Epoch [30/200], Train Loss: 0.1323, Accuracy: 96.91%
Epoch [30/200], Test Loss: 0.0683, Accuracy: 97.61%
1.234567901234568e-06
Epoch [31/200], Train Loss: 0.0932, Accuracy: 98.11%
Epoch [31/200], Test Loss: 0.0664, Accuracy: 97.61%
1.234567901234568e-06
Epoch [32/200], Train Loss: 0.0530, Accuracy: 98.70%
Epoch [32/200], Test Loss: 0.0716, Accuracy: 97.61%
1.234567901234568e-06
Epoch [33/200], Train Loss: 0.0556, Accuracy: 98.40%
Epoch [33/200], Test Loss: 0.0727, Accuracy: 97.61%
1.234567901234568e-06
Epoch [34/200], Train Loss: 0.0820, Accuracy: 98.60%
Epoch [34/200], Test Loss: 0.0712, Accuracy: 97.61%
1.234567901234568e-06
Epoch [35/200], Train Loss: 0.0797, Accuracy: 98.21%
Epoch [35/200], Test Loss: 0.0792, Accuracy: 97.61%
1.234567901234568e-06
Epoch [36/200], Train Loss: 0.1130, Accuracy: 98.01%
Epoch [36/200], Test Loss: 0.0798, Accuracy: 97.61%
4.1152263374485594e-07
Epoch [37/200], Train Loss: 0.1662, Accuracy: 97.11%
Epoch [37/200], Test Loss: 0.0769, Accuracy: 97.61%
4.1152263374485594e-07
Epoch [38/200], Train Loss: 0.0812, Accuracy: 98.11%
Epoch [38/200], Test Loss: 0.0877, Accuracy: 97.61%
4.1152263374485594e-07
Epoch [39/200], Train Loss: 0.1424, Accuracy: 97.51%
Epoch [39/200], Test Loss: 0.0689, Accuracy: 98.01%
4.1152263374485594e-07
Epoch [40/200], Train Loss: 0.0775, Accuracy: 97.91%
Epoch [40/200], Test Loss: 0.0712, Accuracy: 97.61%
4.1152263374485594e-07
Epoch [41/200], Train Loss: 0.1059, Accuracy: 98.40%
Epoch [41/200], Test Loss: 0.0716, Accuracy: 97.61%
4.1152263374485594e-07
Epoch [42/200], Train Loss: 0.0813, Accuracy: 98.60%
Epoch [42/200], Test Loss: 0.0714, Accuracy: 97.61%
1.371742112482853e-07
Epoch [43/200], Train Loss: 0.0970, Accuracy: 97.71%
Epoch [43/200], Test Loss: 0.0749, Accuracy: 97.61%
1.371742112482853e-07
Epoch [44/200], Train Loss: 0.0748, Accuracy: 98.01%
Epoch [44/200], Test Loss: 0.0673, Accuracy: 97.61%
1.371742112482853e-07
Epoch [45/200], Train Loss: 0.0633, Accuracy: 98.21%
Epoch [45/200], Test Loss: 0.0784, Accuracy: 97.61%
1.371742112482853e-07
Epoch [46/200], Train Loss: 0.0759, Accuracy: 98.40%
Epoch [46/200], Test Loss: 0.0810, Accuracy: 97.61%
1.371742112482853e-07
Epoch [47/200], Train Loss: 0.0652, Accuracy: 98.31%
Epoch [47/200], Test Loss: 0.0902, Accuracy: 98.01%
1.371742112482853e-07
Epoch [48/200], Train Loss: 0.1084, Accuracy: 98.11%
Epoch [48/200], Test Loss: 0.0826, Accuracy: 97.61%
4.572473708276176e-08
Epoch [49/200], Train Loss: 0.1066, Accuracy: 98.21%
Epoch [49/200], Test Loss: 0.0716, Accuracy: 97.61%
4.572473708276176e-08
Epoch [50/200], Train Loss: 0.1026, Accuracy: 98.50%
Epoch [50/200], Test Loss: 0.0758, Accuracy: 98.01%
4.572473708276176e-08
Epoch [51/200], Train Loss: 0.0746, Accuracy: 97.81%
Epoch [51/200], Test Loss: 0.0826, Accuracy: 97.61%
4.572473708276176e-08
Epoch [52/200], Train Loss: 0.1084, Accuracy: 98.21%
Epoch [52/200], Test Loss: 0.0838, Accuracy: 97.61%
4.572473708276176e-08
Epoch [53/200], Train Loss: 0.1058, Accuracy: 97.91%
Epoch [53/200], Test Loss: 0.0852, Accuracy: 98.01%
4.572473708276176e-08
Epoch [54/200], Train Loss: 0.0875, Accuracy: 98.40%
Epoch [54/200], Test Loss: 0.0685, Accuracy: 97.61%
1.5241579027587254e-08
Epoch [55/200], Train Loss: 0.0799, Accuracy: 98.31%
Epoch [55/200], Test Loss: 0.0742, Accuracy: 97.61%
1.5241579027587254e-08
Epoch [56/200], Train Loss: 0.0840, Accuracy: 98.31%
Epoch [56/200], Test Loss: 0.0862, Accuracy: 97.61%
1.5241579027587254e-08
Epoch [57/200], Train Loss: 0.0539, Accuracy: 99.10%
Epoch [57/200], Test Loss: 0.0758, Accuracy: 97.61%
1.5241579027587254e-08
Epoch [58/200], Train Loss: 0.1202, Accuracy: 98.21%
Epoch [58/200], Test Loss: 0.0760, Accuracy: 97.61%
1.5241579027587254e-08
Epoch [59/200], Train Loss: 0.0656, Accuracy: 98.31%
Epoch [59/200], Test Loss: 0.0784, Accuracy: 97.61%
1.5241579027587254e-08
Epoch [60/200], Train Loss: 0.0954, Accuracy: 98.01%
Epoch [60/200], Test Loss: 0.0793, Accuracy: 98.01%
5.080526342529085e-09
Epoch [61/200], Train Loss: 0.0686, Accuracy: 98.60%
Epoch [61/200], Test Loss: 0.0794, Accuracy: 98.01%
5.080526342529085e-09
Epoch [62/200], Train Loss: 0.1024, Accuracy: 98.01%
Epoch [62/200], Test Loss: 0.0724, Accuracy: 97.61%
5.080526342529085e-09
Epoch [63/200], Train Loss: 0.0647, Accuracy: 98.60%
Epoch [63/200], Test Loss: 0.0714, Accuracy: 98.01%
5.080526342529085e-09
Epoch [64/200], Train Loss: 0.0738, Accuracy: 98.31%
Epoch [64/200], Test Loss: 0.0774, Accuracy: 97.61%
5.080526342529085e-09
Epoch [65/200], Train Loss: 0.0799, Accuracy: 98.01%
Epoch [65/200], Test Loss: 0.0832, Accuracy: 97.61%
5.080526342529085e-09
Epoch [66/200], Train Loss: 0.0908, Accuracy: 98.01%
Epoch [67/200], Test Loss: 1.0748, Accuracy: 79.28%
3.3333333333333335e-05
Epoch [68/200], Train Loss: 1.1108, Accuracy: 67.60%
Epoch [68/200], Test Loss: 1.0949, Accuracy: 86.85%
3.3333333333333335e-05
Epoch [69/200], Train Loss: 1.1091, Accuracy: 67.00%
Epoch [69/200], Test Loss: 1.0865, Accuracy: 86.85%
3.3333333333333335e-05
Epoch [70/200], Train Loss: 1.1003, Accuracy: 70.99%
Epoch [70/200], Test Loss: 1.0689, Accuracy: 68.53%
3.3333333333333335e-05
Epoch [71/200], Train Loss: 1.1142, Accuracy: 60.42%
Epoch [71/200], Test Loss: 1.0716, Accuracy: 85.66%
3.3333333333333335e-05
Epoch [72/200], Train Loss: 1.0926, Accuracy: 69.99%
Epoch [72/200], Test Loss: 1.0627, Accuracy: 82.47%
3.3333333333333335e-05
Epoch [73/200], Train Loss: 1.1028, Accuracy: 68.99%
Epoch [73/200], Test Loss: 1.1026, Accuracy: 88.05%
3.3333333333333335e-05
Epoch [74/200], Train Loss: 1.1093, Accuracy: 61.62%
Epoch [74/200], Test Loss: 1.0731, Accuracy: 86.45%
3.3333333333333335e-05
Epoch [75/200], Train Loss: 1.0856, Accuracy: 70.09%
Epoch [75/200], Test Loss: 1.0588, Accuracy: 67.73%
3.3333333333333335e-05
Epoch [76/200], Train Loss: 1.0979, Accuracy: 72.28%
Epoch [76/200], Test Loss: 1.0922, Accuracy: 88.05%
3.3333333333333335e-05
Epoch [77/200], Train Loss: 1.1057, Accuracy: 69.39%
Epoch [77/200], Test Loss: 1.0515, Accuracy: 79.28%
3.3333333333333335e-05
Epoch [78/200], Train Loss: 1.0921, Accuracy: 69.69%
Epoch [78/200], Test Loss: 1.0560, Accuracy: 86.06%
3.3333333333333335e-05
Epoch [79/200], Train Loss: 1.0945, Accuracy: 65.20%
Epoch [79/200], Test Loss: 1.0462, Accuracy: 78.88%
3.3333333333333335e-05
Epoch [80/200], Train Loss: 1.0746, Accuracy: 72.78%
Epoch [80/200], Test Loss: 1.0472, Accuracy: 72.91%
3.3333333333333335e-05
Epoch [81/200], Train Loss: 1.1057, Accuracy: 73.58%
Epoch [81/200], Test Loss: 1.0464, Accuracy: 72.11%
3.3333333333333335e-05
Epoch [82/200], Train Loss: 1.0836, Accuracy: 61.32%
Epoch [82/200], Test Loss: 1.0427, Accuracy: 79.28%
3.3333333333333335e-05
Epoch [83/200], Train Loss: 1.1333, Accuracy: 71.98%
Epoch [83/200], Test Loss: 1.0409, Accuracy: 76.49%
3.3333333333333335e-05
Epoch [84/200], Train Loss: 1.1161, Accuracy: 62.71%
Epoch [84/200], Test Loss: 1.0423, Accuracy: 72.91%
3.3333333333333335e-05
Epoch [85/200], Train Loss: 1.1001, Accuracy: 64.11%
Epoch [85/200], Test Loss: 1.0395, Accuracy: 79.68%
3.3333333333333335e-05
Epoch [86/200], Train Loss: 1.0711, Accuracy: 68.30%
Epoch [86/200], Test Loss: 1.0387, Accuracy: 82.47%
3.3333333333333335e-05
Epoch [87/200], Train Loss: 1.0530, Accuracy: 72.08%
Epoch [87/200], Test Loss: 1.0395, Accuracy: 84.06%
3.3333333333333335e-05
Epoch [88/200], Train Loss: 1.0589, Accuracy: 74.48%
Epoch [88/200], Test Loss: 1.0430, Accuracy: 87.25%
3.3333333333333335e-05
Epoch [89/200], Train Loss: 1.1221, Accuracy: 73.38%
Epoch [89/200], Test Loss: 1.0365, Accuracy: 85.66%
3.3333333333333335e-05
Epoch [90/200], Train Loss: 1.0716, Accuracy: 69.49%
Epoch [90/200], Test Loss: 1.0395, Accuracy: 66.14%
3.3333333333333335e-05
Epoch [91/200], Train Loss: 1.0682, Accuracy: 73.48%
Epoch [91/200], Test Loss: 1.0533, Accuracy: 88.45%
3.3333333333333335e-05
Epoch [92/200], Train Loss: 1.0711, Accuracy: 69.19%
Epoch [92/200], Test Loss: 1.0401, Accuracy: 88.05%
3.3333333333333335e-05
Epoch [93/200], Train Loss: 1.0922, Accuracy: 71.39%
Epoch [93/200], Test Loss: 1.0324, Accuracy: 66.53%
3.3333333333333335e-05
Epoch [94/200], Train Loss: 1.0901, Accuracy: 61.52%
Epoch [94/200], Test Loss: 1.0321, Accuracy: 86.85%
3.3333333333333335e-05
Epoch [95/200], Train Loss: 1.0375, Accuracy: 67.70%
Epoch [95/200], Test Loss: 1.0312, Accuracy: 64.14%
3.3333333333333335e-05
Epoch [96/200], Train Loss: 1.0348, Accuracy: 72.88%
Epoch [96/200], Test Loss: 1.0393, Accuracy: 88.45%
3.3333333333333335e-05
Epoch [97/200], Train Loss: 1.0603, Accuracy: 72.48%
Epoch [97/200], Test Loss: 1.0254, Accuracy: 86.06%
3.3333333333333335e-05
Epoch [98/200], Train Loss: 1.0692, Accuracy: 72.18%
Epoch [98/200], Test Loss: 1.0211, Accuracy: 82.87%
3.3333333333333335e-05
Epoch [99/200], Train Loss: 1.0629, Accuracy: 75.77%
Epoch [99/200], Test Loss: 1.0290, Accuracy: 64.94%
3.3333333333333335e-05
Epoch [100/200], Train Loss: 1.0814, Accuracy: 62.51%
Epoch [100/200], Test Loss: 1.0255, Accuracy: 87.25%
3.3333333333333335e-05
Epoch [101/200], Train Loss: 1.0418, Accuracy: 79.26%
Epoch [101/200], Test Loss: 1.0155, Accuracy: 77.69%
3.3333333333333335e-05
Epoch [102/200], Train Loss: 1.0743, Accuracy: 70.59%
Epoch [102/200], Test Loss: 1.0543, Accuracy: 88.45%
3.3333333333333335e-05
Epoch [103/200], Train Loss: 1.0822, Accuracy: 67.70%
Epoch [103/200], Test Loss: 1.0777, Accuracy: 88.84%
3.3333333333333335e-05
Epoch [104/200], Train Loss: 1.0593, Accuracy: 72.28%
Epoch [104/200], Test Loss: 1.0189, Accuracy: 70.12%
3.3333333333333335e-05
Epoch [105/200], Train Loss: 1.0729, Accuracy: 64.81%
Epoch [105/200], Test Loss: 1.0251, Accuracy: 87.25%
3.3333333333333335e-05
Epoch [106/200], Train Loss: 1.0709, Accuracy: 74.88%
Epoch [106/200], Test Loss: 1.0243, Accuracy: 86.85%
3.3333333333333335e-05
Epoch [107/200], Train Loss: 1.0591, Accuracy: 74.08%
Epoch [107/200], Test Loss: 1.0124, Accuracy: 85.26%
3.3333333333333335e-05
Epoch [108/200], Train Loss: 1.0145, Accuracy: 70.09%
Epoch [108/200], Test Loss: 1.0854, Accuracy: 89.64%
3.3333333333333335e-05
Epoch [109/200], Train Loss: 1.0538, Accuracy: 72.48%
Epoch [109/200], Test Loss: 1.0140, Accuracy: 87.25%
3.3333333333333335e-05
Epoch [110/200], Train Loss: 1.0400, Accuracy: 76.47%
Epoch [110/200], Test Loss: 1.0131, Accuracy: 70.52%
3.3333333333333335e-05
Epoch [111/200], Train Loss: 1.0513, Accuracy: 73.98%
Epoch [111/200], Test Loss: 1.0103, Accuracy: 72.11%
3.3333333333333335e-05
Epoch [112/200], Train Loss: 1.0519, Accuracy: 68.39%
Epoch [112/200], Test Loss: 1.0209, Accuracy: 62.95%
3.3333333333333335e-05
Epoch [113/200], Train Loss: 1.0632, Accuracy: 68.10%
Epoch [113/200], Test Loss: 1.0068, Accuracy: 86.06%
3.3333333333333335e-05
Epoch [114/200], Train Loss: 1.0499, Accuracy: 78.36%
Epoch [114/200], Test Loss: 1.0345, Accuracy: 54.18%
3.3333333333333335e-05
Epoch [115/200], Train Loss: 1.0721, Accuracy: 60.52%
Epoch [115/200], Test Loss: 1.0042, Accuracy: 83.67%
3.3333333333333335e-05
Epoch [116/200], Train Loss: 1.0457, Accuracy: 75.27%
Epoch [116/200], Test Loss: 1.0281, Accuracy: 88.84%
3.3333333333333335e-05
Epoch [117/200], Train Loss: 1.0569, Accuracy: 70.89%
Epoch [117/200], Test Loss: 1.0043, Accuracy: 74.90%
3.3333333333333335e-05
Epoch [118/200], Train Loss: 1.0363, Accuracy: 74.38%
Epoch [118/200], Test Loss: 1.0045, Accuracy: 72.91%
3.3333333333333335e-05
Epoch [119/200], Train Loss: 1.0403, Accuracy: 75.07%
Epoch [119/200], Test Loss: 1.0210, Accuracy: 87.65%
3.3333333333333335e-05
Epoch [120/200], Train Loss: 1.0224, Accuracy: 74.98%
Epoch [120/200], Test Loss: 1.0189, Accuracy: 87.25%
3.3333333333333335e-05
Epoch [121/200], Train Loss: 1.0305, Accuracy: 73.38%
Epoch [121/200], Test Loss: 1.0058, Accuracy: 87.25%
1.1111111111111112e-05
Epoch [122/200], Train Loss: 1.0446, Accuracy: 77.57%
Epoch [122/200], Test Loss: 0.9984, Accuracy: 78.88%
1.1111111111111112e-05
Epoch [123/200], Train Loss: 1.0597, Accuracy: 75.67%
Epoch [123/200], Test Loss: 0.9998, Accuracy: 76.10%
1.1111111111111112e-05
Epoch [124/200], Train Loss: 1.0486, Accuracy: 68.00%
Epoch [124/200], Test Loss: 0.9990, Accuracy: 84.86%
1.1111111111111112e-05
Epoch [125/200], Train Loss: 1.0401, Accuracy: 77.97%
Epoch [125/200], Test Loss: 1.0017, Accuracy: 86.85%
1.1111111111111112e-05
Epoch [126/200], Train Loss: 1.0177, Accuracy: 67.40%
Epoch [126/200], Test Loss: 1.0043, Accuracy: 87.65%
1.1111111111111112e-05
Epoch [127/200], Train Loss: 1.0311, Accuracy: 79.76%
Epoch [127/200], Test Loss: 1.0001, Accuracy: 75.30%
1.1111111111111112e-05
Epoch [128/200], Train Loss: 1.0072, Accuracy: 67.90%
Epoch [128/200], Test Loss: 1.0131, Accuracy: 88.05%
3.7037037037037037e-06
Epoch [129/200], Train Loss: 1.0282, Accuracy: 79.76%
Epoch [129/200], Test Loss: 1.0075, Accuracy: 87.65%
3.7037037037037037e-06
Epoch [130/200], Train Loss: 1.0293, Accuracy: 77.67%
Epoch [130/200], Test Loss: 1.0011, Accuracy: 87.25%
Epoch [66/200], Test Loss: 0.0684, Accuracy: 97.61%
5.080526342529085e-09
Epoch [67/200], Train Loss: 0.0986, Accuracy: 98.01%
Epoch [67/200], Test Loss: 0.0758, Accuracy: 97.61%
5.080526342529085e-09
Epoch [68/200], Train Loss: 0.0751, Accuracy: 98.70%
Epoch [68/200], Test Loss: 0.0722, Accuracy: 98.01%
5.080526342529085e-09
Epoch [69/200], Train Loss: 0.0613, Accuracy: 98.40%
Epoch [69/200], Test Loss: 0.0773, Accuracy: 97.61%
5.080526342529085e-09
Epoch [70/200], Train Loss: 0.0728, Accuracy: 98.70%
Epoch [70/200], Test Loss: 0.0801, Accuracy: 98.01%
5.080526342529085e-09
Epoch [71/200], Train Loss: 0.0778, Accuracy: 98.11%
Epoch [71/200], Test Loss: 0.0853, Accuracy: 97.61%
5.080526342529085e-09
Epoch [72/200], Train Loss: 0.1003, Accuracy: 98.60%
Epoch [72/200], Test Loss: 0.0698, Accuracy: 97.61%
5.080526342529085e-09
Epoch [73/200], Train Loss: 0.0724, Accuracy: 98.60%
Epoch [73/200], Test Loss: 0.0779, Accuracy: 97.61%
5.080526342529085e-09
Epoch [74/200], Train Loss: 0.0670, Accuracy: 98.70%
Epoch [74/200], Test Loss: 0.0725, Accuracy: 98.01%
5.080526342529085e-09
Epoch [75/200], Train Loss: 0.0951, Accuracy: 98.40%
Epoch [75/200], Test Loss: 0.0758, Accuracy: 97.21%
5.080526342529085e-09
Epoch [76/200], Train Loss: 0.0789, Accuracy: 98.60%
Epoch [76/200], Test Loss: 0.0782, Accuracy: 97.61%
5.080526342529085e-09
Epoch [77/200], Train Loss: 0.0516, Accuracy: 98.70%
Epoch [77/200], Test Loss: 0.0653, Accuracy: 97.61%
5.080526342529085e-09
Epoch [78/200], Train Loss: 0.0736, Accuracy: 98.31%
Epoch [78/200], Test Loss: 0.0758, Accuracy: 98.01%
5.080526342529085e-09
Epoch [79/200], Train Loss: 0.0937, Accuracy: 98.11%
Epoch [79/200], Test Loss: 0.0683, Accuracy: 97.61%
5.080526342529085e-09
Epoch [80/200], Train Loss: 0.0696, Accuracy: 98.31%
Epoch [80/200], Test Loss: 0.0687, Accuracy: 97.61%
5.080526342529085e-09
Epoch [81/200], Train Loss: 0.0762, Accuracy: 98.70%
Epoch [81/200], Test Loss: 0.0680, Accuracy: 97.61%
5.080526342529085e-09
Epoch [82/200], Train Loss: 0.0956, Accuracy: 98.50%
Epoch [82/200], Test Loss: 0.0789, Accuracy: 97.61%
5.080526342529085e-09
Epoch [83/200], Train Loss: 0.0971, Accuracy: 98.50%
Epoch [83/200], Test Loss: 0.0763, Accuracy: 97.61%
5.080526342529085e-09
Epoch [84/200], Train Loss: 0.0860, Accuracy: 97.81%
Epoch [84/200], Test Loss: 0.0729, Accuracy: 97.61%
5.080526342529085e-09
Epoch [85/200], Train Loss: 0.1025, Accuracy: 98.40%
Epoch [85/200], Test Loss: 0.0817, Accuracy: 97.61%
5.080526342529085e-09
Epoch [86/200], Train Loss: 0.0992, Accuracy: 98.31%
Epoch [86/200], Test Loss: 0.0779, Accuracy: 97.61%
5.080526342529085e-09
Epoch [87/200], Train Loss: 0.0746, Accuracy: 98.70%
Epoch [87/200], Test Loss: 0.0749, Accuracy: 97.61%
5.080526342529085e-09
Epoch [88/200], Train Loss: 0.0853, Accuracy: 98.50%
Epoch [88/200], Test Loss: 0.0671, Accuracy: 97.61%
5.080526342529085e-09
Epoch [89/200], Train Loss: 0.0701, Accuracy: 98.31%
Epoch [89/200], Test Loss: 0.0752, Accuracy: 98.01%
5.080526342529085e-09
Epoch [90/200], Train Loss: 0.1074, Accuracy: 98.11%
Epoch [90/200], Test Loss: 0.0771, Accuracy: 97.61%
5.080526342529085e-09
Epoch [91/200], Train Loss: 0.1745, Accuracy: 98.01%
Epoch [91/200], Test Loss: 0.0728, Accuracy: 97.61%
5.080526342529085e-09
Epoch [92/200], Train Loss: 0.1485, Accuracy: 97.81%
Epoch [92/200], Test Loss: 0.0829, Accuracy: 98.01%
5.080526342529085e-09
Epoch [93/200], Train Loss: 0.1259, Accuracy: 97.91%
Epoch [93/200], Test Loss: 0.0798, Accuracy: 97.61%
5.080526342529085e-09
Epoch [94/200], Train Loss: 0.0776, Accuracy: 98.40%
Epoch [94/200], Test Loss: 0.0677, Accuracy: 98.01%
5.080526342529085e-09
Epoch [95/200], Train Loss: 0.0693, Accuracy: 98.40%
Epoch [95/200], Test Loss: 0.0768, Accuracy: 98.01%
5.080526342529085e-09
Epoch [96/200], Train Loss: 0.1003, Accuracy: 97.71%
Epoch [96/200], Test Loss: 0.0906, Accuracy: 98.01%
5.080526342529085e-09
Epoch [97/200], Train Loss: 0.0774, Accuracy: 98.90%
Epoch [97/200], Test Loss: 0.0771, Accuracy: 98.01%
5.080526342529085e-09
Epoch [98/200], Train Loss: 0.1217, Accuracy: 98.21%
Epoch [98/200], Test Loss: 0.0686, Accuracy: 98.80%
5.080526342529085e-09
Epoch [99/200], Train Loss: 0.0901, Accuracy: 98.31%
Epoch [99/200], Test Loss: 0.0802, Accuracy: 97.61%
5.080526342529085e-09
Epoch [100/200], Train Loss: 0.1047, Accuracy: 97.91%
Epoch [100/200], Test Loss: 0.0783, Accuracy: 98.01%
5.080526342529085e-09
Epoch [101/200], Train Loss: 0.1082, Accuracy: 97.91%
Epoch [101/200], Test Loss: 0.0801, Accuracy: 97.61%
5.080526342529085e-09
Epoch [102/200], Train Loss: 0.1143, Accuracy: 98.11%
Epoch [102/200], Test Loss: 0.0770, Accuracy: 97.61%
5.080526342529085e-09
Epoch [103/200], Train Loss: 0.1354, Accuracy: 98.01%
Epoch [103/200], Test Loss: 0.0742, Accuracy: 97.61%
5.080526342529085e-09
Epoch [104/200], Train Loss: 0.1578, Accuracy: 97.71%
Epoch [104/200], Test Loss: 0.0656, Accuracy: 98.01%
5.080526342529085e-09
Epoch [105/200], Train Loss: 0.0695, Accuracy: 99.00%
Epoch [105/200], Test Loss: 0.0772, Accuracy: 98.01%
5.080526342529085e-09
Epoch [106/200], Train Loss: 0.0844, Accuracy: 98.80%
Epoch [106/200], Test Loss: 0.0712, Accuracy: 97.61%
5.080526342529085e-09
Epoch [107/200], Train Loss: 0.1308, Accuracy: 97.81%
Epoch [107/200], Test Loss: 0.0721, Accuracy: 98.01%
5.080526342529085e-09
Epoch [108/200], Train Loss: 0.0619, Accuracy: 98.90%
Epoch [108/200], Test Loss: 0.0765, Accuracy: 97.61%
5.080526342529085e-09
Epoch [109/200], Train Loss: 0.1029, Accuracy: 98.50%
Epoch [109/200], Test Loss: 0.0738, Accuracy: 97.61%
5.080526342529085e-09
Epoch [110/200], Train Loss: 0.0753, Accuracy: 98.80%
Epoch [110/200], Test Loss: 0.0759, Accuracy: 98.01%
5.080526342529085e-09
Epoch [111/200], Train Loss: 0.0651, Accuracy: 98.80%
Epoch [111/200], Test Loss: 0.0662, Accuracy: 97.61%
5.080526342529085e-09
Epoch [112/200], Train Loss: 0.0873, Accuracy: 98.31%
Epoch [112/200], Test Loss: 0.0774, Accuracy: 97.61%
5.080526342529085e-09
Epoch [113/200], Train Loss: 0.0852, Accuracy: 98.70%
Epoch [113/200], Test Loss: 0.0840, Accuracy: 97.61%
5.080526342529085e-09
Epoch [114/200], Train Loss: 0.1106, Accuracy: 98.31%
Epoch [114/200], Test Loss: 0.0744, Accuracy: 98.01%
5.080526342529085e-09
Epoch [115/200], Train Loss: 0.0944, Accuracy: 98.11%
Epoch [115/200], Test Loss: 0.0759, Accuracy: 97.61%
5.080526342529085e-09
Epoch [116/200], Train Loss: 0.0673, Accuracy: 98.50%
Epoch [116/200], Test Loss: 0.0741, Accuracy: 98.01%
5.080526342529085e-09
Epoch [117/200], Train Loss: 0.0740, Accuracy: 98.90%
Epoch [117/200], Test Loss: 0.0771, Accuracy: 98.01%
5.080526342529085e-09
Epoch [118/200], Train Loss: 0.0589, Accuracy: 98.40%
Epoch [118/200], Test Loss: 0.0717, Accuracy: 98.01%
5.080526342529085e-09
Epoch [119/200], Train Loss: 0.1102, Accuracy: 98.01%
Epoch [119/200], Test Loss: 0.0727, Accuracy: 97.61%
5.080526342529085e-09
Epoch [120/200], Train Loss: 0.0683, Accuracy: 98.90%
Epoch [120/200], Test Loss: 0.0827, Accuracy: 97.61%
5.080526342529085e-09
Epoch [121/200], Train Loss: 0.1054, Accuracy: 98.21%
Epoch [121/200], Test Loss: 0.0705, Accuracy: 97.61%
5.080526342529085e-09
Epoch [122/200], Train Loss: 0.1152, Accuracy: 97.31%
Epoch [122/200], Test Loss: 0.0737, Accuracy: 97.61%
5.080526342529085e-09
Epoch [123/200], Train Loss: 0.1044, Accuracy: 98.01%
Epoch [123/200], Test Loss: 0.0763, Accuracy: 97.61%
5.080526342529085e-09
Epoch [124/200], Train Loss: 0.0633, Accuracy: 98.40%
Epoch [124/200], Test Loss: 0.0742, Accuracy: 97.61%
5.080526342529085e-09
Epoch [125/200], Train Loss: 0.0553, Accuracy: 98.60%
Epoch [125/200], Test Loss: 0.0790, Accuracy: 97.61%
5.080526342529085e-09
Epoch [126/200], Train Loss: 0.0753, Accuracy: 97.91%
Epoch [126/200], Test Loss: 0.0709, Accuracy: 97.61%
5.080526342529085e-09
Epoch [127/200], Train Loss: 0.1016, Accuracy: 98.11%
Epoch [127/200], Test Loss: 0.0872, Accuracy: 97.61%
5.080526342529085e-09
Epoch [128/200], Train Loss: 0.1152, Accuracy: 98.40%
Epoch [128/200], Test Loss: 0.0709, Accuracy: 98.01%
5.080526342529085e-09
Epoch [129/200], Train Loss: 0.0658, Accuracy: 98.50%
Epoch [129/200], Test Loss: 0.0788, Accuracy: 97.61%
5.080526342529085e-09
Epoch [130/200], Train Loss: 0.0960, Accuracy: 98.80%
3.7037037037037037e-06
Epoch [131/200], Train Loss: 1.0186, Accuracy: 76.57%
Epoch [131/200], Test Loss: 1.0033, Accuracy: 87.25%
3.7037037037037037e-06
Epoch [132/200], Train Loss: 1.0291, Accuracy: 75.57%
Epoch [132/200], Test Loss: 1.0013, Accuracy: 87.25%
3.7037037037037037e-06
Epoch [133/200], Train Loss: 1.0492, Accuracy: 75.77%
Epoch [133/200], Test Loss: 0.9999, Accuracy: 86.85%
3.7037037037037037e-06
Epoch [134/200], Train Loss: 1.0134, Accuracy: 73.08%
Epoch [134/200], Test Loss: 0.9981, Accuracy: 85.26%
3.7037037037037037e-06
Epoch [135/200], Train Loss: 1.0285, Accuracy: 73.68%
Epoch [135/200], Test Loss: 0.9974, Accuracy: 82.87%
3.7037037037037037e-06
Epoch [136/200], Train Loss: 0.9959, Accuracy: 75.27%
Epoch [136/200], Test Loss: 0.9980, Accuracy: 85.26%
3.7037037037037037e-06
Epoch [137/200], Train Loss: 1.0191, Accuracy: 73.38%
Epoch [137/200], Test Loss: 0.9971, Accuracy: 80.88%
3.7037037037037037e-06
Epoch [138/200], Train Loss: 1.0121, Accuracy: 74.48%
Epoch [138/200], Test Loss: 1.0007, Accuracy: 86.85%
3.7037037037037037e-06
Epoch [139/200], Train Loss: 1.0128, Accuracy: 77.67%
Epoch [139/200], Test Loss: 1.0057, Accuracy: 87.25%
3.7037037037037037e-06
Epoch [140/200], Train Loss: 1.0224, Accuracy: 77.97%
Epoch [140/200], Test Loss: 0.9989, Accuracy: 86.45%
3.7037037037037037e-06
Epoch [141/200], Train Loss: 1.0378, Accuracy: 71.49%
Epoch [141/200], Test Loss: 0.9969, Accuracy: 82.47%
3.7037037037037037e-06
Epoch [142/200], Train Loss: 1.0357, Accuracy: 74.08%
Epoch [142/200], Test Loss: 0.9975, Accuracy: 85.26%
3.7037037037037037e-06
Epoch [143/200], Train Loss: 1.0595, Accuracy: 73.08%
Epoch [143/200], Test Loss: 0.9977, Accuracy: 85.66%
3.7037037037037037e-06
Epoch [144/200], Train Loss: 1.0483, Accuracy: 73.58%
Epoch [144/200], Test Loss: 0.9966, Accuracy: 82.87%
3.7037037037037037e-06
Epoch [145/200], Train Loss: 1.0110, Accuracy: 71.68%
Epoch [145/200], Test Loss: 0.9969, Accuracy: 84.86%
3.7037037037037037e-06
Epoch [146/200], Train Loss: 1.0333, Accuracy: 75.17%
Epoch [146/200], Test Loss: 0.9964, Accuracy: 80.88%
3.7037037037037037e-06
Epoch [147/200], Train Loss: 1.0229, Accuracy: 73.88%
Epoch [147/200], Test Loss: 0.9973, Accuracy: 85.66%
3.7037037037037037e-06
Epoch [148/200], Train Loss: 1.0221, Accuracy: 79.16%
Epoch [148/200], Test Loss: 0.9980, Accuracy: 86.06%
3.7037037037037037e-06
Epoch [149/200], Train Loss: 1.0378, Accuracy: 72.88%
Epoch [149/200], Test Loss: 0.9966, Accuracy: 83.27%
3.7037037037037037e-06
Epoch [150/200], Train Loss: 1.0044, Accuracy: 73.28%
Epoch [150/200], Test Loss: 0.9966, Accuracy: 83.27%
3.7037037037037037e-06
Epoch [151/200], Train Loss: 1.0300, Accuracy: 77.47%
Epoch [151/200], Test Loss: 0.9981, Accuracy: 86.06%
3.7037037037037037e-06
Epoch [152/200], Train Loss: 1.0259, Accuracy: 76.17%
Epoch [152/200], Test Loss: 0.9964, Accuracy: 82.87%
1.234567901234568e-06
Epoch [153/200], Train Loss: 1.0313, Accuracy: 72.18%
Epoch [153/200], Test Loss: 0.9961, Accuracy: 80.48%
1.234567901234568e-06
Epoch [154/200], Train Loss: 1.0011, Accuracy: 74.38%
Epoch [154/200], Test Loss: 0.9962, Accuracy: 81.67%
1.234567901234568e-06
Epoch [155/200], Train Loss: 1.0381, Accuracy: 73.08%
Epoch [155/200], Test Loss: 0.9965, Accuracy: 83.27%
1.234567901234568e-06
Epoch [156/200], Train Loss: 1.0256, Accuracy: 74.48%
Epoch [156/200], Test Loss: 0.9967, Accuracy: 84.46%
1.234567901234568e-06
Epoch [157/200], Train Loss: 1.0240, Accuracy: 73.08%
Epoch [157/200], Test Loss: 0.9968, Accuracy: 84.86%
1.234567901234568e-06
Epoch [158/200], Train Loss: 1.0264, Accuracy: 75.17%
Epoch [158/200], Test Loss: 0.9973, Accuracy: 85.66%
1.234567901234568e-06
Epoch [159/200], Train Loss: 1.0284, Accuracy: 73.28%
Epoch [159/200], Test Loss: 0.9971, Accuracy: 85.26%
4.1152263374485594e-07
Epoch [160/200], Train Loss: 1.0423, Accuracy: 76.27%
Epoch [160/200], Test Loss: 0.9970, Accuracy: 85.26%
4.1152263374485594e-07
Epoch [161/200], Train Loss: 1.0031, Accuracy: 75.77%
Epoch [161/200], Test Loss: 0.9967, Accuracy: 84.46%
4.1152263374485594e-07
Epoch [162/200], Train Loss: 1.0072, Accuracy: 74.88%
Epoch [162/200], Test Loss: 0.9970, Accuracy: 85.26%
4.1152263374485594e-07
Epoch [163/200], Train Loss: 1.0095, Accuracy: 75.37%
Epoch [163/200], Test Loss: 0.9971, Accuracy: 85.26%
4.1152263374485594e-07
Epoch [164/200], Train Loss: 1.0279, Accuracy: 74.98%
Epoch [164/200], Test Loss: 0.9972, Accuracy: 85.26%
4.1152263374485594e-07
Epoch [165/200], Train Loss: 1.0177, Accuracy: 74.48%
Epoch [165/200], Test Loss: 0.9975, Accuracy: 85.66%
1.371742112482853e-07
Epoch [166/200], Train Loss: 1.0443, Accuracy: 73.68%
Epoch [166/200], Test Loss: 0.9974, Accuracy: 85.66%
1.371742112482853e-07
Epoch [167/200], Train Loss: 0.9841, Accuracy: 75.87%
Epoch [167/200], Test Loss: 0.9974, Accuracy: 85.66%
1.371742112482853e-07
Epoch [168/200], Train Loss: 1.0136, Accuracy: 74.38%
Epoch [168/200], Test Loss: 0.9974, Accuracy: 85.66%
1.371742112482853e-07
Epoch [169/200], Train Loss: 1.0024, Accuracy: 76.47%
Epoch [169/200], Test Loss: 0.9974, Accuracy: 85.66%
1.371742112482853e-07
Epoch [170/200], Train Loss: 1.0167, Accuracy: 74.28%
Epoch [170/200], Test Loss: 0.9975, Accuracy: 85.66%
1.371742112482853e-07
Epoch [171/200], Train Loss: 1.0249, Accuracy: 76.67%
Epoch [171/200], Test Loss: 0.9976, Accuracy: 85.66%
4.572473708276176e-08
Epoch [172/200], Train Loss: 1.0090, Accuracy: 75.47%
Epoch [172/200], Test Loss: 0.9975, Accuracy: 85.66%
4.572473708276176e-08
Epoch [173/200], Train Loss: 1.0273, Accuracy: 73.88%
Epoch [173/200], Test Loss: 0.9975, Accuracy: 85.66%
4.572473708276176e-08
Epoch [174/200], Train Loss: 1.0001, Accuracy: 74.78%
Epoch [174/200], Test Loss: 0.9975, Accuracy: 85.66%
4.572473708276176e-08
Epoch [175/200], Train Loss: 0.9910, Accuracy: 76.77%
Epoch [175/200], Test Loss: 0.9975, Accuracy: 85.66%
4.572473708276176e-08
Epoch [176/200], Train Loss: 1.0418, Accuracy: 75.07%
Epoch [176/200], Test Loss: 0.9975, Accuracy: 85.66%
4.572473708276176e-08
Epoch [177/200], Train Loss: 1.0091, Accuracy: 74.68%
Epoch [177/200], Test Loss: 0.9975, Accuracy: 85.66%
1.5241579027587254e-08
Epoch [178/200], Train Loss: 1.0008, Accuracy: 75.47%
Epoch [178/200], Test Loss: 0.9975, Accuracy: 85.66%
1.5241579027587254e-08
Epoch [179/200], Train Loss: 0.9939, Accuracy: 76.17%
Epoch [179/200], Test Loss: 0.9975, Accuracy: 85.66%
1.5241579027587254e-08
Epoch [180/200], Train Loss: 1.0085, Accuracy: 73.98%
Epoch [180/200], Test Loss: 0.9975, Accuracy: 85.66%
1.5241579027587254e-08
Epoch [181/200], Train Loss: 1.0351, Accuracy: 75.07%
Epoch [181/200], Test Loss: 0.9975, Accuracy: 85.66%
1.5241579027587254e-08
Epoch [182/200], Train Loss: 1.0211, Accuracy: 74.88%
Epoch [182/200], Test Loss: 0.9974, Accuracy: 85.66%
1.5241579027587254e-08
Epoch [183/200], Train Loss: 1.0011, Accuracy: 78.36%
Epoch [183/200], Test Loss: 0.9974, Accuracy: 85.66%
5.080526342529085e-09
Epoch [184/200], Train Loss: 1.0356, Accuracy: 74.68%
Epoch [184/200], Test Loss: 0.9974, Accuracy: 85.66%
5.080526342529085e-09
Epoch [185/200], Train Loss: 0.9929, Accuracy: 75.07%
Epoch [185/200], Test Loss: 0.9974, Accuracy: 85.66%
5.080526342529085e-09
Epoch [186/200], Train Loss: 1.0073, Accuracy: 76.07%
Epoch [186/200], Test Loss: 0.9974, Accuracy: 85.66%
5.080526342529085e-09
Epoch [187/200], Train Loss: 1.0341, Accuracy: 74.38%
Epoch [187/200], Test Loss: 0.9974, Accuracy: 85.66%
5.080526342529085e-09
Epoch [188/200], Train Loss: 1.0220, Accuracy: 76.17%
Epoch [188/200], Test Loss: 0.9974, Accuracy: 85.66%
5.080526342529085e-09
Epoch [189/200], Train Loss: 1.0299, Accuracy: 74.08%
Epoch [189/200], Test Loss: 0.9974, Accuracy: 85.66%
5.080526342529085e-09
Epoch [190/200], Train Loss: 1.0193, Accuracy: 75.97%
Epoch [190/200], Test Loss: 0.9974, Accuracy: 85.66%
5.080526342529085e-09
Epoch [191/200], Train Loss: 1.0301, Accuracy: 74.98%
Epoch [191/200], Test Loss: 0.9974, Accuracy: 85.66%
5.080526342529085e-09
Epoch [192/200], Train Loss: 0.9909, Accuracy: 75.87%
Epoch [192/200], Test Loss: 0.9974, Accuracy: 85.66%
5.080526342529085e-09
Epoch [193/200], Train Loss: 1.0157, Accuracy: 75.07%
Epoch [193/200], Test Loss: 0.9974, Accuracy: 85.66%
5.080526342529085e-09
Epoch [194/200], Train Loss: 0.9984, Accuracy: 76.07%
Epoch [194/200], Test Loss: 0.9974, Accuracy: 85.66%
5.080526342529085e-09
Epoch [195/200], Train Loss: 1.0183, Accuracy: 74.58%
Epoch [195/200], Test Loss: 0.9974, Accuracy: 85.66%
5.080526342529085e-09
Epoch [196/200], Train Loss: 1.0044, Accuracy: 75.07%
Epoch [196/200], Test Loss: 0.9974, Accuracy: 85.66%
5.080526342529085e-09
Epoch [197/200], Train Loss: 1.0212, Accuracy: 74.18%
Epoch [197/200], Test Loss: 0.9974, Accuracy: 85.66%
5.080526342529085e-09
Epoch [198/200], Train Loss: 1.0305, Accuracy: 74.68%
Epoch [198/200], Test Loss: 0.9974, Accuracy: 85.66%
5.080526342529085e-09
Epoch [199/200], Train Loss: 1.0229, Accuracy: 74.58%
Epoch [199/200], Test Loss: 0.9974, Accuracy: 85.66%
5.080526342529085e-09
Epoch [200/200], Train Loss: 1.0332, Accuracy: 74.28%
Epoch [200/200], Test Loss: 0.9974, Accuracy: 85.66%
5.080526342529085e-09
Epoch [130/200], Test Loss: 0.0720, Accuracy: 97.61%
5.080526342529085e-09
Epoch [131/200], Train Loss: 0.0781, Accuracy: 97.81%
Epoch [131/200], Test Loss: 0.0770, Accuracy: 97.61%
5.080526342529085e-09
Epoch [132/200], Train Loss: 0.2004, Accuracy: 98.60%
Epoch [132/200], Test Loss: 0.0788, Accuracy: 97.61%
5.080526342529085e-09
Epoch [133/200], Train Loss: 0.0891, Accuracy: 98.40%
Epoch [133/200], Test Loss: 0.0700, Accuracy: 97.61%
5.080526342529085e-09
Epoch [134/200], Train Loss: 0.0735, Accuracy: 98.50%
Epoch [134/200], Test Loss: 0.0861, Accuracy: 97.21%
5.080526342529085e-09
Epoch [135/200], Train Loss: 0.0675, Accuracy: 98.50%
Epoch [135/200], Test Loss: 0.0853, Accuracy: 97.61%
5.080526342529085e-09
Epoch [136/200], Train Loss: 0.1015, Accuracy: 98.31%
Epoch [136/200], Test Loss: 0.0764, Accuracy: 98.01%
5.080526342529085e-09
Epoch [137/200], Train Loss: 0.1001, Accuracy: 98.50%
Epoch [137/200], Test Loss: 0.0811, Accuracy: 97.61%
5.080526342529085e-09
Epoch [138/200], Train Loss: 0.1157, Accuracy: 97.91%
Epoch [138/200], Test Loss: 0.0873, Accuracy: 97.61%
5.080526342529085e-09
Epoch [139/200], Train Loss: 0.0708, Accuracy: 98.80%
Epoch [139/200], Test Loss: 0.0717, Accuracy: 98.01%
5.080526342529085e-09
Epoch [140/200], Train Loss: 0.1091, Accuracy: 97.21%
Epoch [140/200], Test Loss: 0.0767, Accuracy: 97.61%
5.080526342529085e-09
Epoch [141/200], Train Loss: 0.0831, Accuracy: 98.40%
Epoch [141/200], Test Loss: 0.0784, Accuracy: 97.61%
5.080526342529085e-09
Epoch [142/200], Train Loss: 0.0596, Accuracy: 98.40%
Epoch [142/200], Test Loss: 0.0789, Accuracy: 98.01%
5.080526342529085e-09
Epoch [143/200], Train Loss: 0.0884, Accuracy: 98.50%
Epoch [143/200], Test Loss: 0.0689, Accuracy: 98.01%
5.080526342529085e-09
Epoch [144/200], Train Loss: 0.0892, Accuracy: 98.40%
Epoch [144/200], Test Loss: 0.0837, Accuracy: 98.01%
5.080526342529085e-09
Epoch [145/200], Train Loss: 0.0820, Accuracy: 98.60%
Epoch [145/200], Test Loss: 0.0805, Accuracy: 98.01%
5.080526342529085e-09
Epoch [146/200], Train Loss: 0.0538, Accuracy: 98.80%
Epoch [146/200], Test Loss: 0.0704, Accuracy: 98.01%
5.080526342529085e-09
Epoch [147/200], Train Loss: 0.0857, Accuracy: 98.31%
Epoch [147/200], Test Loss: 0.0787, Accuracy: 97.61%
5.080526342529085e-09
Epoch [148/200], Train Loss: 0.1058, Accuracy: 98.01%
Epoch [148/200], Test Loss: 0.0742, Accuracy: 98.01%
5.080526342529085e-09
Epoch [149/200], Train Loss: 0.0924, Accuracy: 97.71%
Epoch [149/200], Test Loss: 0.0773, Accuracy: 97.61%
5.080526342529085e-09
Epoch [150/200], Train Loss: 0.1217, Accuracy: 98.01%
Epoch [150/200], Test Loss: 0.0804, Accuracy: 98.01%
5.080526342529085e-09
Epoch [151/200], Train Loss: 0.1041, Accuracy: 97.61%
Epoch [151/200], Test Loss: 0.0863, Accuracy: 97.61%
5.080526342529085e-09
Epoch [152/200], Train Loss: 0.0571, Accuracy: 98.90%
Epoch [152/200], Test Loss: 0.0698, Accuracy: 98.01%
5.080526342529085e-09
Epoch [153/200], Train Loss: 0.0974, Accuracy: 98.31%
Epoch [153/200], Test Loss: 0.0799, Accuracy: 97.61%
5.080526342529085e-09
Epoch [154/200], Train Loss: 0.0645, Accuracy: 98.40%
Epoch [154/200], Test Loss: 0.0788, Accuracy: 97.61%
5.080526342529085e-09
Epoch [155/200], Train Loss: 0.1357, Accuracy: 98.01%
Epoch [155/200], Test Loss: 0.0727, Accuracy: 97.61%
5.080526342529085e-09
Epoch [156/200], Train Loss: 0.0996, Accuracy: 98.11%
Epoch [156/200], Test Loss: 0.0729, Accuracy: 97.61%
5.080526342529085e-09
Epoch [157/200], Train Loss: 0.1095, Accuracy: 98.40%
Epoch [157/200], Test Loss: 0.0716, Accuracy: 98.01%
5.080526342529085e-09
Epoch [158/200], Train Loss: 0.1746, Accuracy: 97.71%
Epoch [158/200], Test Loss: 0.0728, Accuracy: 98.01%
5.080526342529085e-09
Epoch [159/200], Train Loss: 0.0750, Accuracy: 98.50%
Epoch [159/200], Test Loss: 0.0728, Accuracy: 97.61%
5.080526342529085e-09
Epoch [160/200], Train Loss: 0.1082, Accuracy: 98.80%
Epoch [160/200], Test Loss: 0.0728, Accuracy: 98.01%
5.080526342529085e-09
Epoch [161/200], Train Loss: 0.0480, Accuracy: 99.10%
Epoch [161/200], Test Loss: 0.0710, Accuracy: 97.61%
5.080526342529085e-09
Epoch [162/200], Train Loss: 0.0754, Accuracy: 98.50%
Epoch [162/200], Test Loss: 0.0918, Accuracy: 97.61%
5.080526342529085e-09
Epoch [163/200], Train Loss: 0.0667, Accuracy: 98.11%
Epoch [163/200], Test Loss: 0.0786, Accuracy: 97.61%
5.080526342529085e-09
Epoch [164/200], Train Loss: 0.0709, Accuracy: 98.70%
Epoch [164/200], Test Loss: 0.0770, Accuracy: 97.61%
5.080526342529085e-09
Epoch [165/200], Train Loss: 0.0537, Accuracy: 98.80%
Epoch [165/200], Test Loss: 0.0762, Accuracy: 98.01%
5.080526342529085e-09
Epoch [166/200], Train Loss: 0.0781, Accuracy: 98.70%
Epoch [166/200], Test Loss: 0.0832, Accuracy: 97.61%
5.080526342529085e-09
Epoch [167/200], Train Loss: 0.1118, Accuracy: 98.11%
Epoch [167/200], Test Loss: 0.0723, Accuracy: 97.61%
5.080526342529085e-09
Epoch [168/200], Train Loss: 0.0906, Accuracy: 98.01%
Epoch [168/200], Test Loss: 0.0783, Accuracy: 97.61%
5.080526342529085e-09
Epoch [169/200], Train Loss: 0.0867, Accuracy: 98.31%
Epoch [169/200], Test Loss: 0.0901, Accuracy: 97.61%
5.080526342529085e-09
Epoch [170/200], Train Loss: 0.1050, Accuracy: 97.61%
Epoch [170/200], Test Loss: 0.0767, Accuracy: 97.61%
5.080526342529085e-09
Epoch [171/200], Train Loss: 0.1249, Accuracy: 97.51%
Epoch [171/200], Test Loss: 0.0764, Accuracy: 97.61%
5.080526342529085e-09
Epoch [172/200], Train Loss: 0.1175, Accuracy: 98.21%
Epoch [172/200], Test Loss: 0.0665, Accuracy: 98.01%
5.080526342529085e-09
Epoch [173/200], Train Loss: 0.0813, Accuracy: 98.50%
Epoch [173/200], Test Loss: 0.0729, Accuracy: 98.01%
5.080526342529085e-09
Epoch [174/200], Train Loss: 0.0591, Accuracy: 98.40%
Epoch [174/200], Test Loss: 0.0720, Accuracy: 98.01%
5.080526342529085e-09
Epoch [175/200], Train Loss: 0.0820, Accuracy: 97.81%
Epoch [175/200], Test Loss: 0.0720, Accuracy: 97.61%
5.080526342529085e-09
Epoch [176/200], Train Loss: 0.0650, Accuracy: 98.90%
Epoch [176/200], Test Loss: 0.1011, Accuracy: 97.61%
5.080526342529085e-09
Epoch [177/200], Train Loss: 0.1112, Accuracy: 98.01%
Epoch [177/200], Test Loss: 0.0897, Accuracy: 97.61%
5.080526342529085e-09
Epoch [178/200], Train Loss: 0.1258, Accuracy: 97.91%
Epoch [178/200], Test Loss: 0.0793, Accuracy: 97.61%
5.080526342529085e-09
Epoch [179/200], Train Loss: 0.1112, Accuracy: 98.40%
Epoch [179/200], Test Loss: 0.0817, Accuracy: 98.01%
5.080526342529085e-09
Epoch [180/200], Train Loss: 0.0876, Accuracy: 98.31%
Epoch [180/200], Test Loss: 0.0841, Accuracy: 98.01%
5.080526342529085e-09
Epoch [181/200], Train Loss: 0.1116, Accuracy: 98.21%
Epoch [181/200], Test Loss: 0.0697, Accuracy: 98.01%
5.080526342529085e-09
Epoch [182/200], Train Loss: 0.0679, Accuracy: 98.60%
Epoch [182/200], Test Loss: 0.0787, Accuracy: 97.61%
5.080526342529085e-09
Epoch [183/200], Train Loss: 0.0822, Accuracy: 98.70%
Epoch [183/200], Test Loss: 0.0670, Accuracy: 98.01%
5.080526342529085e-09
Epoch [184/200], Train Loss: 0.0856, Accuracy: 98.50%
Epoch [184/200], Test Loss: 0.0712, Accuracy: 98.01%
5.080526342529085e-09
Epoch [185/200], Train Loss: 0.1103, Accuracy: 98.40%
Epoch [185/200], Test Loss: 0.0683, Accuracy: 97.61%
5.080526342529085e-09
Epoch [186/200], Train Loss: 0.0979, Accuracy: 97.61%
Epoch [186/200], Test Loss: 0.0745, Accuracy: 98.01%
5.080526342529085e-09
Epoch [187/200], Train Loss: 0.0573, Accuracy: 99.00%
Epoch [187/200], Test Loss: 0.0611, Accuracy: 98.01%
5.080526342529085e-09
Epoch [188/200], Train Loss: 0.0889, Accuracy: 97.71%
Epoch [188/200], Test Loss: 0.0791, Accuracy: 97.61%
5.080526342529085e-09
Epoch [189/200], Train Loss: 0.0909, Accuracy: 98.21%
Epoch [189/200], Test Loss: 0.0702, Accuracy: 97.61%
5.080526342529085e-09
Epoch [190/200], Train Loss: 0.1079, Accuracy: 98.21%
Epoch [190/200], Test Loss: 0.0748, Accuracy: 97.61%
5.080526342529085e-09
Epoch [191/200], Train Loss: 0.0894, Accuracy: 97.81%
Epoch [191/200], Test Loss: 0.0752, Accuracy: 97.61%
5.080526342529085e-09
Epoch [192/200], Train Loss: 0.1066, Accuracy: 98.70%
Epoch [192/200], Test Loss: 0.0817, Accuracy: 98.01%
5.080526342529085e-09
Epoch [193/200], Train Loss: 0.0877, Accuracy: 98.60%
Epoch [193/200], Test Loss: 0.0785, Accuracy: 98.01%
5.080526342529085e-09
Epoch [194/200], Train Loss: 0.1311, Accuracy: 97.71%
Epoch [194/200], Test Loss: 0.0733, Accuracy: 97.61%
5.080526342529085e-09
Epoch [195/200], Train Loss: 0.1340, Accuracy: 97.71%
Epoch [195/200], Test Loss: 0.0807, Accuracy: 97.61%
5.080526342529085e-09
Epoch [196/200], Train Loss: 0.0774, Accuracy: 98.90%
Epoch [196/200], Test Loss: 0.0727, Accuracy: 97.61%
5.080526342529085e-09
Epoch [197/200], Train Loss: 0.2782, Accuracy: 99.30%
Epoch [197/200], Test Loss: 0.0739, Accuracy: 98.01%
5.080526342529085e-09
Epoch [198/200], Train Loss: 0.0806, Accuracy: 98.40%
Epoch [198/200], Test Loss: 0.0781, Accuracy: 97.61%
5.080526342529085e-09
Epoch [199/200], Train Loss: 0.1087, Accuracy: 98.11%
Epoch [199/200], Test Loss: 0.0726, Accuracy: 97.61%
5.080526342529085e-09
Epoch [200/200], Train Loss: 0.0642, Accuracy: 98.80%
Epoch [200/200], Test Loss: 0.0717, Accuracy: 98.01%
5.080526342529085e-09
